{
  "RSpec": {
    "coverage": {
      "/Users/tanguychennaux/Desktop/rspec-test/OnlineShop/spec/features/categories/index_spec.rb": [
        1,
        null,
        1,
        1,
        1,
        1,
        1,
        null,
        null,
        null,
        1,
        1,
        null,
        1,
        1,
        null,
        1,
        null,
        1,
        1,
        null,
        null,
        null,
        1,
        1,
        2,
        null,
        1,
        1,
        1,
        null,
        1,
        1,
        null,
        null,
        1,
        1,
        1,
        null,
        null,
        null,
        1,
        3,
        1,
        2,
        null,
        null,
        1,
        1,
        1,
        null,
        1,
        1,
        null,
        null,
        1,
        1,
        1,
        null,
        1,
        1,
        null,
        null,
        null,
        1,
        1,
        1,
        1,
        2,
        null,
        null,
        null
      ],
      "/Users/tanguychennaux/Desktop/rspec-test/OnlineShop/spec/rails_helper.rb": [
        null,
        1,
        1,
        1,
        null,
        1,
        1,
        1,
        1,
        null,
        null,
        null,
        null,
        null,
        null,
        null,
        null,
        null,
        null,
        null,
        null,
        null,
        null,
        null,
        null,
        null,
        null,
        null,
        1,
        null,
        1,
        null,
        1,
        null,
        null,
        null,
        null,
        1,
        null,
        null,
        null,
        null,
        null,
        1,
        1,
        null,
        null,
        1,
        17,
        17,
        null,
        null,
        1,
        17,
        null,
        null,
        null,
        null,
        null,
        null,
        null,
        null,
        null,
        null,
        null,
        null,
        null,
        null,
        null,
        null,
        1,
        null,
        null,
        1,
        null,
        null,
        null
      ],
      "/Users/tanguychennaux/Desktop/rspec-test/OnlineShop/config/environment.rb": [
        null,
        1,
        null,
        null,
        1
      ],
      "/Users/tanguychennaux/Desktop/rspec-test/OnlineShop/config/application.rb": [
        1,
        null,
        1,
        null,
        1,
        1,
        1,
        1,
        1,
        1,
        1,
        1,
        null,
        null,
        null,
        null,
        1,
        null,
        1,
        1,
        null,
        1,
        null,
        null,
        null,
        null,
        null,
        null,
        1,
        null,
        null
      ],
      "/Users/tanguychennaux/Desktop/rspec-test/OnlineShop/config/boot.rb": [
        1,
        null,
        1
      ],
      "/Users/tanguychennaux/Desktop/rspec-test/OnlineShop/config/environments/test.rb": [
        1,
        null,
        null,
        null,
        null,
        null,
        null,
        1,
        null,
        null,
        null,
        null,
        1,
        null,
        null,
        1,
        1,
        null,
        null,
        null,
        null,
        1,
        1,
        null,
        null,
        1,
        null,
        null,
        1,
        1,
        null,
        null,
        null,
        null,
        1,
        null,
        null,
        1,
        null,
        null,
        null,
        null
      ],
      "/Users/tanguychennaux/Desktop/rspec-test/OnlineShop/config/initializers/application_controller_renderer.rb": [
        null,
        null,
        null,
        null,
        null,
        null,
        null,
        null
      ],
      "/Users/tanguychennaux/Desktop/rspec-test/OnlineShop/config/initializers/assets.rb": [
        null,
        null,
        null,
        1,
        null,
        null,
        null,
        null,
        1,
        null,
        null,
        null,
        null,
        null
      ],
      "/Users/tanguychennaux/Desktop/rspec-test/OnlineShop/config/initializers/backtrace_silencers.rb": [
        null,
        null,
        null,
        null,
        null,
        null,
        null
      ],
      "/Users/tanguychennaux/Desktop/rspec-test/OnlineShop/config/initializers/cookies_serializer.rb": [
        null,
        null,
        null,
        null,
        1
      ],
      "/Users/tanguychennaux/Desktop/rspec-test/OnlineShop/config/initializers/filter_parameter_logging.rb": [
        null,
        null,
        null,
        1
      ],
      "/Users/tanguychennaux/Desktop/rspec-test/OnlineShop/config/initializers/inflections.rb": [
        null,
        null,
        null,
        null,
        null,
        null,
        null,
        null,
        null,
        null,
        null,
        null,
        null,
        null,
        null,
        null
      ],
      "/Users/tanguychennaux/Desktop/rspec-test/OnlineShop/config/initializers/mime_types.rb": [
        null,
        null,
        null,
        null
      ],
      "/Users/tanguychennaux/Desktop/rspec-test/OnlineShop/config/initializers/wrap_parameters.rb": [
        null,
        null,
        null,
        null,
        null,
        null,
        1,
        2,
        null,
        null,
        null,
        null,
        null,
        null
      ],
      "/Users/tanguychennaux/Desktop/rspec-test/OnlineShop/config/routes.rb": [
        1,
        null,
        1,
        1,
        null,
        1,
        null
      ],
      "/Users/tanguychennaux/Desktop/rspec-test/OnlineShop/app/helpers/application_helper.rb": [
        1,
        null
      ],
      "/Users/tanguychennaux/Desktop/rspec-test/OnlineShop/spec/features/products/index_spec.rb": [
        1,
        null,
        1,
        1,
        1,
        1,
        1,
        1,
        null,
        null,
        null,
        1,
        1,
        null,
        1,
        1,
        1,
        null,
        1,
        null,
        1,
        1,
        null,
        null,
        null,
        1,
        1,
        2,
        2,
        2,
        2,
        null,
        null,
        1,
        1,
        1,
        null,
        1,
        1,
        null,
        null,
        1,
        1,
        1,
        1,
        1,
        1,
        1,
        1,
        null,
        null,
        null,
        null,
        1,
        1,
        2,
        2,
        2,
        2,
        2,
        2,
        null,
        null,
        null,
        1,
        1,
        1,
        1,
        null,
        1,
        1,
        null,
        null,
        1,
        1,
        1,
        null,
        1,
        1,
        null,
        null,
        null,
        1,
        1,
        1,
        1,
        1,
        2,
        null,
        null,
        null
      ],
      "/Users/tanguychennaux/Desktop/rspec-test/OnlineShop/spec/models/category_spec.rb": [
        1,
        null,
        1,
        2,
        null,
        1,
        1,
        1,
        null,
        null,
        null
      ],
      "/Users/tanguychennaux/Desktop/rspec-test/OnlineShop/app/models/category.rb": [
        1,
        1,
        1,
        null,
        1,
        null
      ],
      "/Users/tanguychennaux/Desktop/rspec-test/OnlineShop/app/models/application_record.rb": [
        1,
        1,
        null
      ],
      "/Users/tanguychennaux/Desktop/rspec-test/OnlineShop/spec/models/department_spec.rb": [
        1,
        null,
        1,
        null,
        null
      ],
      "/Users/tanguychennaux/Desktop/rspec-test/OnlineShop/app/models/department.rb": [
        1,
        1,
        1,
        null
      ],
      "/Users/tanguychennaux/Desktop/rspec-test/OnlineShop/spec/models/product_spec.rb": [
        1,
        null,
        1,
        3,
        null,
        1,
        1,
        1,
        null,
        null,
        1,
        1,
        1,
        null,
        null,
        null
      ],
      "/Users/tanguychennaux/Desktop/rspec-test/OnlineShop/app/models/product.rb": [
        1,
        1,
        1,
        null,
        1,
        1,
        null
      ],
      "/Users/tanguychennaux/Desktop/rspec-test/OnlineShop/app/controllers/categories_controller.rb": [
        1,
        1,
        1,
        null,
        1,
        6,
        null,
        null,
        1,
        null,
        null,
        1,
        2,
        null,
        null,
        1,
        2,
        2,
        null,
        null,
        1,
        null,
        null,
        1,
        2,
        2,
        null,
        null,
        1,
        1,
        1,
        null,
        null,
        null,
        1,
        null,
        1,
        4,
        null,
        null,
        1,
        7,
        null,
        null,
        1,
        17,
        null,
        null,
        null
      ],
      "/Users/tanguychennaux/Desktop/rspec-test/OnlineShop/app/controllers/application_controller.rb": [
        1,
        1,
        null
      ],
      "/Users/tanguychennaux/Desktop/rspec-test/OnlineShop/app/controllers/products_controller.rb": [
        1,
        null,
        1,
        1,
        null,
        1,
        6,
        10,
        6,
        null,
        null,
        1,
        null,
        null,
        1,
        3,
        3,
        null,
        null,
        1,
        2,
        2,
        null,
        2,
        2,
        null,
        0,
        null,
        null,
        null,
        1,
        null,
        null,
        1,
        2,
        2,
        null,
        null,
        1,
        1,
        1,
        null,
        null,
        null,
        1,
        null,
        1,
        4,
        null,
        null,
        1,
        7,
        null,
        null,
        1,
        18,
        null,
        null
      ]
    },
    "timestamp": 1533746688
  }
}
